<?xml version="1.0" encoding="UTF-8"?>
<Site BuildName="(empty)"
	BuildStamp="20250318-0929-Experimental"
	Name="(empty)"
	Generator="ctest-3.28.3"
	CompilerName=""
	CompilerVersion=""
	OSName="Linux"
	Hostname="guopyran-RedmiBook"
	OSRelease="6.11.0-19-generic"
	OSVersion="#19~24.04.1-Ubuntu SMP PREEMPT_DYNAMIC Mon Feb 17 11:51:52 UTC 2"
	OSPlatform="x86_64"
	Is64Bits="1"
	VendorString="AuthenticAMD"
	VendorID="Advanced Micro Devices"
	FamilyID="25"
	ModelID="80"
	ProcessorCacheSize="512"
	NumberOfLogicalCPU="16"
	NumberOfPhysicalCPU="8"
	TotalVirtualMemory="10239"
	TotalPhysicalMemory="15334"
	LogicalProcessorsPerPhysical="2"
	ProcessorClockFrequency="3532.24"
	>
	<Testing>
		<StartDateTime>Mar 18 18:43 CST</StartDateTime>
		<StartTestTime>1742294630</StartTestTime>
		<TestList/>
		<EndDateTime>Mar 18 18:43 CST</EndDateTime>
		<EndTestTime>1742294630</EndTestTime>
		<ElapsedMinutes>0</ElapsedMinutes>
	</Testing>
</Site>
